Reading netlist file: "C:\Gowin\Projetos\vga\vga\impl\gwsynthesis\vga.vg"
Parsing netlist file "C:\Gowin\Projetos\vga\vga\impl\gwsynthesis\vga.vg" completed
Processing netlist completed
Reading constraint file: "C:\Gowin\Projetos\vga\vga\src\lcd.cst"
Physical Constraint parsed completed
Running placement......
[10%] Placement Phase 0 completed
[20%] Placement Phase 1 completed
[30%] Placement Phase 2 completed
[50%] Placement Phase 3 completed
Running routing......
[60%] Routing Phase 0 completed
[70%] Routing Phase 1 completed
[80%] Routing Phase 2 completed
[90%] Routing Phase 3 completed
Running timing analysis......
[95%] Timing analysis completed
Placement and routing completed
Bitstream generation in progress......
Bitstream generation completed
Running power analysis......
[100%] Power analysis completed
Generate file "C:\Gowin\Projetos\vga\vga\impl\pnr\vga.power.html" completed
Generate file "C:\Gowin\Projetos\vga\vga\impl\pnr\vga.pin.html" completed
Generate file "C:\Gowin\Projetos\vga\vga\impl\pnr\vga.rpt.html" completed
Generate file "C:\Gowin\Projetos\vga\vga\impl\pnr\vga.rpt.txt" completed
Generate file "C:\Gowin\Projetos\vga\vga\impl\pnr\vga.tr.html" completed
Sun Mar 23 15:32:37 2025

