Reading netlist file: "D:\repos\LCD_Demo_tang_nano_1k\Demo3_ascii\impl\gwsynthesis\vga.vg"
Parsing netlist file "D:\repos\LCD_Demo_tang_nano_1k\Demo3_ascii\impl\gwsynthesis\vga.vg" completed
Processing netlist completed
Reading constraint file: "D:\repos\LCD_Demo_tang_nano_1k\Demo3_ascii\src\lcd.cst"
Physical Constraint parsed completed
Running placement......
[10%] Placement Phase 0 completed
[20%] Placement Phase 1 completed
[30%] Placement Phase 2 completed
[50%] Placement Phase 3 completed
Running routing......
[60%] Routing Phase 0 completed
[70%] Routing Phase 1 completed
[80%] Routing Phase 2 completed
[90%] Routing Phase 3 completed
Running timing analysis......
[95%] Timing analysis completed
Placement and routing completed
Bitstream generation in progress......
Bitstream generation completed
Running power analysis......
[100%] Power analysis completed
Generate file "D:\repos\LCD_Demo_tang_nano_1k\Demo3_ascii\impl\pnr\vga.power.html" completed
Generate file "D:\repos\LCD_Demo_tang_nano_1k\Demo3_ascii\impl\pnr\vga.pin.html" completed
Generate file "D:\repos\LCD_Demo_tang_nano_1k\Demo3_ascii\impl\pnr\vga.rpt.html" completed
Generate file "D:\repos\LCD_Demo_tang_nano_1k\Demo3_ascii\impl\pnr\vga.rpt.txt" completed
Generate file "D:\repos\LCD_Demo_tang_nano_1k\Demo3_ascii\impl\pnr\vga.tr.html" completed
Thu Apr  3 20:58:17 2025

